<?xml version="1.0" encoding="UTF-8"?>
<!-- Generated by org.testng.reporters.JUnitReportReporter -->
<testsuite hostname="DR" failures="0" tests="1" name="testNGpkg.TestNGfeatures" time="0.007" errors="0" timestamp="2023-12-14T12:17:18 IST" skipped="0">
  <testcase classname="testNGpkg.TestNGfeatures" name="test1" time="0.007"/>
  <system-out/>
</testsuite> <!-- testNGpkg.TestNGfeatures -->
