<?xml version="1.0" encoding="UTF-8"?>
<!-- Generated by org.testng.reporters.JUnitReportReporter -->
<testsuite hostname="DR" failures="0" tests="1" name="testNGpkg.Comparingurl" time="1.618" errors="0" timestamp="2023-12-28T11:46:36 IST" skipped="0">
  <testcase classname="testNGpkg.Comparingurl" name="uurlcomparing" time="1.618"/>
  <system-out/>
</testsuite> <!-- testNGpkg.Comparingurl -->
