<?xml version="1.0" encoding="UTF-8"?>
<!-- Generated by org.testng.reporters.JUnitReportReporter -->
<testsuite hostname="DR" failures="0" tests="1" name="Herbaltestpkg.login2test" time="1.081" errors="0" timestamp="2024-01-04T10:08:18 IST" skipped="0">
  <testcase classname="Herbaltestpkg.login2test" name="healthpage" time="1.081"/>
  <system-out/>
</testsuite> <!-- Herbaltestpkg.login2test -->
