<?xml version="1.0" encoding="UTF-8"?>
<!-- Generated by org.testng.reporters.JUnitReportReporter -->
<testsuite hostname="DR" failures="0" tests="1" name="Herbaltestpkg.health2test" time="5.666" errors="0" timestamp="2024-01-04T10:08:18 IST" skipped="0">
  <testcase classname="Herbaltestpkg.health2test" name="logintestcheck" time="5.666"/>
  <system-out/>
</testsuite> <!-- Herbaltestpkg.health2test -->
