<?xml version="1.0" encoding="UTF-8"?>
<!-- Generated by org.testng.reporters.JUnitReportReporter -->
<testsuite hostname="DR" failures="0" tests="1" name="Herbaltestpkg.healthtest" time="0.900" errors="0" timestamp="2024-01-03T17:26:29 IST" skipped="0">
  <testcase classname="Herbaltestpkg.healthtest" name="healthpage" time="0.900"/>
  <system-out/>
</testsuite> <!-- Herbaltestpkg.healthtest -->
