<?xml version="1.0" encoding="UTF-8"?>
<!-- Generated by org.testng.reporters.JUnitReportReporter -->
<testsuite hostname="DR" failures="0" tests="1" name="testNGpkg.Fileuploadautoit" time="9.619" errors="0" timestamp="2024-01-07T09:59:24 IST" skipped="0">
  <testcase classname="testNGpkg.Fileuploadautoit" name="fileuploadpgm" time="9.619"/>
  <system-out/>
</testsuite> <!-- testNGpkg.Fileuploadautoit -->
