<?xml version="1.0" encoding="UTF-8"?>
<!-- Generated by org.testng.reporters.JUnitReportReporter -->
<testsuite hostname="DR" failures="0" tests="1" name="testNGpkg.Softassertion" time="0.013" errors="0" timestamp="2023-12-28T12:03:58 IST" skipped="0">
  <testcase classname="testNGpkg.Softassertion" name="titleverification" time="0.013"/>
  <system-out/>
</testsuite> <!-- testNGpkg.Softassertion -->
