<?xml version="1.0" encoding="UTF-8"?>
<!-- Generated by org.testng.reporters.JUnitReportReporter -->
<testsuite hostname="DR" failures="0" tests="1" name="testNGpkg.Fileupload" time="23.162" errors="0" timestamp="2024-01-04T10:17:39 IST" skipped="0">
  <testcase classname="testNGpkg.Fileupload" name="fileuploadpgm" time="23.162"/>
  <system-out/>
</testsuite> <!-- testNGpkg.Fileupload -->
