<?xml version="1.0" encoding="UTF-8"?>
<!-- Generated by org.testng.reporters.JUnitReportReporter -->
<testsuite hostname="DR" failures="0" tests="1" name="testNGpkg.Facebooklogin" time="24.910" errors="0" timestamp="2023-12-14T12:06:16 IST" skipped="0">
  <testcase classname="testNGpkg.Facebooklogin" name="login" time="24.910"/>
  <system-out/>
</testsuite> <!-- testNGpkg.Facebooklogin -->
