<?xml version="1.0" encoding="UTF-8"?>
<!-- Generated by org.testng.reporters.JUnitReportReporter -->
<testsuite hostname="DR" failures="0" tests="1" name="testNGpkg.Guru99rightclick" time="0.456" errors="0" timestamp="2023-12-15T11:42:52 IST" skipped="0">
  <testcase classname="testNGpkg.Guru99rightclick" name="options" time="0.456"/>
  <system-out/>
</testsuite> <!-- testNGpkg.Guru99rightclick -->
