<?xml version="1.0" encoding="UTF-8"?>
<!-- Generated by org.testng.reporters.JUnitReportReporter -->
<testsuite hostname="DR" failures="0" tests="1" name="testNGpkg.Draganddrop" time="5.546" errors="0" timestamp="2023-12-15T17:16:56 IST" skipped="0">
  <testcase classname="testNGpkg.Draganddrop" name="draganddrop" time="5.546"/>
  <system-out/>
</testsuite> <!-- testNGpkg.Draganddrop -->
