<?xml version="1.0" encoding="UTF-8"?>
<!-- Generated by org.testng.reporters.JUnitReportReporter -->
<testsuite hostname="DR" failures="0" tests="1" name="testNGpkg.Datepicker" time="0.591" errors="0" timestamp="2024-01-03T11:40:19 IST" skipped="0">
  <testcase classname="testNGpkg.Datepicker" name="datepicker" time="0.591"/>
  <system-out/>
</testsuite> <!-- testNGpkg.Datepicker -->
