<?xml version="1.0" encoding="UTF-8"?>
<!-- Generated by org.testng.reporters.JUnitReportReporter -->
<testsuite hostname="DR" failures="0" tests="1" name="testNGpkg.Multiplewindowhandling" time="16.299" errors="0" timestamp="2024-01-03T10:26:05 IST" skipped="0">
  <testcase classname="testNGpkg.Multiplewindowhandling" name="test" time="16.299"/>
  <system-out/>
</testsuite> <!-- testNGpkg.Multiplewindowhandling -->
