<?xml version="1.0" encoding="UTF-8"?>
<!-- Generated by org.testng.reporters.JUnitReportReporter -->
<testsuite hostname="DR" failures="0" tests="1" name="testNGpkg.Mouseplacer" time="2.783" errors="0" timestamp="2023-12-21T16:26:22 IST" skipped="0">
  <testcase classname="testNGpkg.Mouseplacer" name="mouseplacer" time="2.783"/>
  <system-out/>
</testsuite> <!-- testNGpkg.Mouseplacer -->
