<?xml version="1.0" encoding="UTF-8"?>
<!-- Generated by org.testng.reporters.JUnitReportReporter -->
<testsuite hostname="DR" failures="0" tests="1" name="testNGpkg.Copypaste" time="2.762" errors="0" timestamp="2023-12-14T16:08:51 IST" skipped="0">
  <testcase classname="testNGpkg.Copypaste" name="redifflogin" time="2.762"/>
  <system-out/>
</testsuite> <!-- testNGpkg.Copypaste -->
