<?xml version="1.0" encoding="UTF-8"?>
<!-- Generated by org.testng.reporters.JUnitReportReporter -->
<testsuite hostname="DR" failures="0" tests="1" name="testpkg.Fbcreatepagetest" time="2.881" errors="0" timestamp="2024-01-04T10:30:32 IST" skipped="0">
  <testcase classname="testpkg.Fbcreatepagetest" name="createpagetest" time="2.881"/>
  <system-out/>
</testsuite> <!-- testpkg.Fbcreatepagetest -->
