<?xml version="1.0" encoding="UTF-8"?>
<!-- Generated by org.testng.reporters.JUnitReportReporter -->
<testsuite hostname="DR" failures="0" tests="1" name="testNGpkg.Datadriventest" time="4.998" errors="0" timestamp="2024-01-04T11:02:36 IST" skipped="0">
  <testcase classname="testNGpkg.Datadriventest" name="datadriven" time="4.998"/>
  <system-out/>
</testsuite> <!-- testNGpkg.Datadriventest -->
