<?xml version="1.0" encoding="UTF-8"?>
<!-- Generated by org.testng.reporters.JUnitReportReporter -->
<testsuite hostname="DR" failures="0" tests="3" name="testNGpkg.Crossbrowsertesting" time="7.299" errors="0" timestamp="2023-12-15T16:34:47 IST" skipped="0">
  <testcase classname="testNGpkg.Crossbrowsertesting" name="test1" time="2.245"/>
  <system-out/>
  <testcase classname="testNGpkg.Crossbrowsertesting" name="test1" time="2.081"/>
  <system-out/>
  <testcase classname="testNGpkg.Crossbrowsertesting" name="test1" time="2.973"/>
  <system-out/>
</testsuite> <!-- testNGpkg.Crossbrowsertesting -->
