<?xml version="1.0" encoding="UTF-8"?>
<!-- Generated by org.testng.reporters.JUnitReportReporter -->
<testsuite hostname="DR" failures="0" tests="1" name="testNGpkg.Parametrisation" time="0.009" errors="0" timestamp="2023-12-14T11:36:14 IST" skipped="0">
  <testcase classname="testNGpkg.Parametrisation" name="main" time="0.009"/>
  <system-out/>
</testsuite> <!-- testNGpkg.Parametrisation -->
